This is pdfTeX, Version 3.14159265-2.6-1.40.21 (MiKTeX 20.10) (preloaded format=pdflatex 2020.10.23)  24 NOV 2020 09:49
entering extended mode
**./main.tex
(main.tex
LaTeX2e <2020-10-01> patch level 1
L3 programming layer <2020-10-05> xparse <2020-03-03>
(D:\Latex\tex/latex/base\article.cls
Document Class: article 2020/04/10 v1.4m Standard LaTeX document class
(D:\Latex\tex/latex/base\size10.clo
File: size10.clo 2020/04/10 v1.4m Standard LaTeX file (size option)
)
\c@part=\count175
\c@section=\count176
\c@subsection=\count177
\c@subsubsection=\count178
\c@paragraph=\count179
\c@subparagraph=\count180
\c@figure=\count181
\c@table=\count182
\abovecaptionskip=\skip47
\belowcaptionskip=\skip48
\bibindent=\dimen138
) (D:\Latex\tex/latex/base\inputenc.sty
Package: inputenc 2020/08/01 v1.3d Input encoding file
\inpenc@prehook=\toks15
\inpenc@posthook=\toks16
)
(D:\Latex\tex/latex/graphics\graphicx.sty
Package: graphicx 2020/09/09 v1.2b Enhanced LaTeX Graphics (DPC,SPQR)

(D:\Latex\tex/latex/graphics\keyval.sty
Package: keyval 2014/10/28 v1.15 key=value parser (DPC)
\KV@toks@=\toks17
)
(D:\Latex\tex/latex/graphics\graphics.sty
Package: graphics 2020/08/30 v1.4c Standard LaTeX Graphics (DPC,SPQR)
 (D:\Latex\tex/latex/graphics\trig.sty
Package: trig 2016/01/03 v1.10 sin cos tan (DPC)
) (D:\Latex\tex/latex/graphics-cfg\graphics.cfg
File: graphics.cfg 2016/06/04 v1.11 sample graphics configuration
)
Package graphics Info: Driver file: pdftex.def on input line 105.

(D:\Latex\tex/latex/graphics-def\pdftex.def
File: pdftex.def 2020/10/05 v1.2a Graphics/color driver for pdftex
))
\Gin@req@height=\dimen139
\Gin@req@width=\dimen140
)
(D:\Latex\tex/latex/l3backend\l3backend-pdftex.def
File: l3backend-pdftex.def 2020-09-24 L3 backend support: PDF output (pdfTeX)
\l__kernel_color_stack_int=\count183
\l__pdf_internal_box=\box47
) (main.aux)
\openout1 = `main.aux'.

LaTeX Font Info:    Checking defaults for OML/cmm/m/it on input line 10.
LaTeX Font Info:    ... okay on input line 10.
LaTeX Font Info:    Checking defaults for OMS/cmsy/m/n on input line 10.
LaTeX Font Info:    ... okay on input line 10.
LaTeX Font Info:    Checking defaults for OT1/cmr/m/n on input line 10.
LaTeX Font Info:    ... okay on input line 10.
LaTeX Font Info:    Checking defaults for T1/cmr/m/n on input line 10.
LaTeX Font Info:    ... okay on input line 10.
LaTeX Font Info:    Checking defaults for TS1/cmr/m/n on input line 10.
LaTeX Font Info:    ... okay on input line 10.
LaTeX Font Info:    Checking defaults for OMX/cmex/m/n on input line 10.
LaTeX Font Info:    ... okay on input line 10.
LaTeX Font Info:    Checking defaults for U/cmr/m/n on input line 10.
LaTeX Font Info:    ... okay on input line 10.

(D:\Latex\tex/context/base/mkii\supp-pdf.mkii
[Loading MPS to PDF converter (version 2006.09.02).]
\scratchcounter=\count184
\scratchdimen=\dimen141
\scratchbox=\box48
\nofMPsegments=\count185
\nofMParguments=\count186
\everyMPshowfont=\toks18
\MPscratchCnt=\count187
\MPscratchDim=\dimen142
\MPnumerator=\count188
\makeMPintoPDFobject=\count189
\everyMPtoPDFconversion=\toks19
) (D:\Latex\tex/latex/epstopdf-pkg\epstopdf-base.sty
Package: epstopdf-base 2020-01-24 v2.11 Base part for package epstopdf
Package epstopdf-base Info: Redefining graphics rule for `.eps' on input line 4
85.
)
LaTeX Font Info:    External font `cmex10' loaded for size
(Font)              <12> on input line 12.
LaTeX Font Info:    External font `cmex10' loaded for size
(Font)              <8> on input line 12.
LaTeX Font Info:    External font `cmex10' loaded for size
(Font)              <6> on input line 12.


! LaTeX Error: Command \k unavailable in encoding OT1.

See the LaTeX manual or LaTeX Companion for explanation.
Type  H <return>  for immediate help.
 ...                                              
                                                  
l.17 1. Klucze zostały wygenerowane za pomocą
                                                ssh-keygen. Dołączam scree...

? 

! LaTeX Error: Command \k unavailable in encoding OT1.

See the LaTeX manual or LaTeX Companion for explanation.
Type  H <return>  for immediate help.
 ...                                              
                                                  
l.17 ...wygenerowane za pomocą ssh-keygen. Dołą
                                                  czam screen potwierdzając...

? 

! LaTeX Error: Command \k unavailable in encoding OT1.

See the LaTeX manual or LaTeX Companion for explanation.
Type  H <return>  for immediate help.
 ...                                              
                                                  
l.17 ...sh-keygen. Dołączam screen potwierdzają
                                                  cy to\\
? 
<photo_2020-11-24_08-28-03.jpg, id=1, 770.88pt x 433.62pt>
File: photo_2020-11-24_08-28-03.jpg Graphic file (type jpg)
<use photo_2020-11-24_08-28-03.jpg>
Package pdftex.def Info: photo_2020-11-24_08-28-03.jpg  used on input line 18.
(pdftex.def)             Requested size: 385.43906pt x 216.80946pt.

! LaTeX Error: Command \k unavailable in encoding OT1.

See the LaTeX manual or LaTeX Companion for explanation.
Type  H <return>  for immediate help.
 ...                                              
                                                  
l.19 2. Za pomocą
                   ssh-copy-id klucz był przeniesiony na zdalny serwer\\
? 
<photo_2020-11-24_09-24-22.jpg, id=2, 770.88pt x 433.62pt>
File: photo_2020-11-24_09-24-22.jpg Graphic file (type jpg)
<use photo_2020-11-24_09-24-22.jpg>
Package pdftex.def Info: photo_2020-11-24_09-24-22.jpg  used on input line 20.
(pdftex.def)             Requested size: 385.43906pt x 216.80946pt.
<photo_2020-11-24_09-24-24.jpg, id=3, 770.88pt x 433.62pt>
File: photo_2020-11-24_09-24-24.jpg Graphic file (type jpg)
<use photo_2020-11-24_09-24-24.jpg>
Package pdftex.def Info: photo_2020-11-24_09-24-24.jpg  used on input line 22.
(pdftex.def)             Requested size: 385.43906pt x 216.80946pt.

! LaTeX Error: Command \k unavailable in encoding OT1.

See the LaTeX manual or LaTeX Companion for explanation.
Type  H <return>  for immediate help.
 ...                                              
                                                  
l.23 5. Udało się
                    przekierować klucze lokalne za pomocą polecenia ssh -A...

? 

! LaTeX Error: Command \k unavailable in encoding OT1.

See the LaTeX manual or LaTeX Companion for explanation.
Type  H <return>  for immediate help.
 ...                                              
                                                  
l.23 ...ę przekierować klucze lokalne za pomocą
                                                   polecenia ssh -A d325730@...

? 

! LaTeX Error: Command \k unavailable in encoding OT1.

See the LaTeX manual or LaTeX Companion for explanation.
Type  H <return>  for immediate help.
 ...                                              
                                                  
l.23 ...roc.pl, które pozwala na korzystanie się
                                                   z authentification agent\\
? 

Overfull \hbox (40.43906pt too wide) in paragraph at lines 17--24
[] 
 []


Overfull \hbox (40.43906pt too wide) in paragraph at lines 17--24
[] 
 []


Overfull \hbox (40.43906pt too wide) in paragraph at lines 17--24
[] 
 []


Overfull \hbox (68.21263pt too wide) in paragraph at lines 17--24
\OT1/cmr/m/n/10 5. Uda lo sie przekierowac klucze lokalne za po-moca polece-ni
a ssh -A d325730@pwi.ii.uni.wroc.pl,
 []


Underfull \hbox (badness 10000) in paragraph at lines 17--24

 []

[1

{C:/Users/Nastya/AppData/Local/MiKTeX/pdftex/config/pdftex.map} <./photo_2020-1
1-24_08-28-03.jpg>]

! LaTeX Error: Command \k unavailable in encoding OT1.

See the LaTeX manual or LaTeX Companion for explanation.
Type  H <return>  for immediate help.
 ...                                              
                                                  
l.26 ...ak w poprzednim zadaniu skorzystałam się
                                                   z polecenia ssh -A i prze...

? 

! LaTeX Error: Command \k unavailable in encoding OT1.

See the LaTeX manual or LaTeX Companion for explanation.
Type  H <return>  for immediate help.
 ...                                              
                                                  
l.26 ...ę z polecenia ssh -A i przeforwardowałą
                                                  m klucze na serwer
? 

! LaTeX Error: Command \k unavailable in encoding OT1.

See the LaTeX manual or LaTeX Companion for explanation.
Type  H <return>  for immediate help.
 ...                                              
                                                  
l.27 ...omputerze zdalnym, bo wtedy ktokolwiek bę
                                                  dzie miał dostęp do kluc...

? 

! LaTeX Error: Command \k unavailable in encoding OT1.

See the LaTeX manual or LaTeX Companion for explanation.
Type  H <return>  for immediate help.
 ...                                              
                                                  
l.27 ..., bo wtedy ktokolwiek będzie miał dostę
                                                  p do klucza prywatnego\\
? 
<photo_2020-11-24_09-24-27.jpg, id=12, 770.88pt x 433.62pt>
File: photo_2020-11-24_09-24-27.jpg Graphic file (type jpg)
<use photo_2020-11-24_09-24-27.jpg>
Package pdftex.def Info: photo_2020-11-24_09-24-27.jpg  used on input line 28.
(pdftex.def)             Requested size: 385.43906pt x 216.80946pt.

Overfull \hbox (40.43906pt too wide) in paragraph at lines 26--29
[] 
 []


Underfull \hbox (badness 10000) in paragraph at lines 26--29

 []

[2 <./photo_2020-11-24_09-24-22.jpg> <./photo_2020-11-24_09-24-24.jpg>]

! LaTeX Error: Command \k unavailable in encoding OT1.

See the LaTeX manual or LaTeX Companion for explanation.
Type  H <return>  for immediate help.
 ...                                              
                                                  
l.30 2. Zrobione. wget pozwala ścią
                                     gnąć pliki z internetu
? 

! LaTeX Error: Command \k unavailable in encoding OT1.

See the LaTeX manual or LaTeX Companion for explanation.
Type  H <return>  for immediate help.
 ...                                              
                                                  
l.30 2. Zrobione. wget pozwala ściągną
                                         ć pliki z internetu
? 
<photo_2020-11-24_09-41-34.jpg, id=16, 770.88pt x 433.62pt>
File: photo_2020-11-24_09-41-34.jpg Graphic file (type jpg)
<use photo_2020-11-24_09-41-34.jpg>
Package pdftex.def Info: photo_2020-11-24_09-41-34.jpg  used on input line 32.
(pdftex.def)             Requested size: 385.43906pt x 216.80946pt.

Overfull \hbox (40.43906pt too wide) in paragraph at lines 30--33
[] 
 []


Underfull \hbox (badness 10000) in paragraph at lines 30--33

 []

[3 <./photo_2020-11-24_09-24-27.jpg> <./photo_2020-11-24_09-41-34.jpg>]
(main.aux) ) 
Here is how much of TeX's memory you used:
 1237 strings out of 480257
 18386 string characters out of 2898318
 282846 words of memory out of 3000000
 17806 multiletter control sequences out of 15000+200000
 538728 words of font info for 41 fonts, out of 3000000 for 9000
 1141 hyphenation exceptions out of 8191
 60i,6n,66p,201b,191s stack positions out of 5000i,500n,10000p,200000b,50000s
<D:/Latex/fonts/type1/public/amsfonts/cm/cmbx12.pfb><D:/Latex/fonts
/type1/public/amsfonts/cm/cmr10.pfb><D:/Latex/fonts/type1/public/amsfonts/cm/cm
r12.pfb><D:/Latex/fonts/type1/public/amsfonts/cm/cmr17.pfb>
Output written on main.pdf (3 pages, 475244 bytes).
PDF statistics:
 33 PDF objects out of 1000 (max. 8388607)
 0 named destinations out of 1000 (max. 500000)
 26 words of extra memory for PDF output out of 10000 (max. 10000000)

